Build started 10/10/2017 21:13:41.
     1>Project "C:\Users\Zuzu\Desktop\זהר\אפקה\שנה ג\סמסטר קיץ\C++\פרוייקט\OtherStudentsImpl\Zoo_Managment_System - part 3\Zoo_Managment_System - part 3\Zoo_Managment_System - part 3.vcxproj" on node 2 (Build target(s)).
     1>ClCompile:
         C:\Program Files (x86)\Microsoft Visual Studio 11.0\VC\bin\CL.exe /c /ZI /nologo /W3 /WX- /Od /Oy- /D _MBCS /Gm /EHsc /RTC1 /MDd /GS /fp:precise /Zc:wchar_t /Zc:forScope /Fo"Debug\\" /Fd"Debug\vc110.pdb" /Gd /TP /analyze- /errorReport:prompt Animal.cpp Area.cpp AreaManager.cpp Elephant.cpp Giraffe.cpp Healthy.cpp Horse.cpp Keeper.cpp Lion.cpp MaintenanceWorker.cpp Penguin.cpp Sick.cpp Veterinarian.cpp Worker.cpp Zebra.cpp Zebroid.cpp Zoo.cpp main.cpp
         Animal.cpp
         Generating Code...
         Compiling...
         Area.cpp
         Generating Code...
         Compiling...
         main.cpp
         Zoo.cpp
         Worker.cpp
         Elephant.cpp
         AreaManager.cpp
         Generating Code...
         Compiling...
         Zebroid.cpp
         Zebra.cpp
         Penguin.cpp
         MaintenanceWorker.cpp
         Lion.cpp
         Horse.cpp
         Generating Code...
         Compiling...
         Healthy.cpp
         Generating Code...
         Skipping... (no relevant changes detected)
         Veterinarian.cpp
         Keeper.cpp
         Giraffe.cpp
         Sick.cpp
       Link:
         C:\Program Files (x86)\Microsoft Visual Studio 11.0\VC\bin\link.exe /ERRORREPORT:PROMPT /OUT:"C:\Users\Zuzu\Desktop\זהר\אפקה\שנה ג\סמסטר קיץ\C++\פרוייקט\OtherStudentsImpl\Zoo_Managment_System - part 3\Debug\Zoo_Managment_System - part 3.exe" /INCREMENTAL /NOLOGO kernel32.lib user32.lib gdi32.lib winspool.lib comdlg32.lib advapi32.lib shell32.lib ole32.lib oleaut32.lib uuid.lib odbc32.lib odbccp32.lib /MANIFEST /MANIFESTUAC:"level='asInvoker' uiAccess='false'" /manifest:embed /DEBUG /PDB:"C:\Users\Zuzu\Desktop\זהר\אפקה\שנה ג\סמסטר קיץ\C++\פרוייקט\OtherStudentsImpl\Zoo_Managment_System - part 3\Debug\Zoo_Managment_System - part 3.pdb" /TLBID:1 /DYNAMICBASE /NXCOMPAT /IMPLIB:"C:\Users\Zuzu\Desktop\זהר\אפקה\שנה ג\סמסטר קיץ\C++\פרוייקט\OtherStudentsImpl\Zoo_Managment_System - part 3\Debug\Zoo_Managment_System - part 3.lib" /MACHINE:X86 Debug\Animal.obj
         Debug\Area.obj
         Debug\AreaManager.obj
         Debug\Elephant.obj
         Debug\Giraffe.obj
         Debug\Healthy.obj
         Debug\Horse.obj
         Debug\Keeper.obj
         Debug\Lion.obj
         Debug\main.obj
         Debug\MaintenanceWorker.obj
         Debug\Penguin.obj
         Debug\Sick.obj
         Debug\Veterinarian.obj
         Debug\Worker.obj
         Debug\Zebra.obj
         Debug\Zebroid.obj
         Debug\Zoo.obj
         Zoo_Managment_System - part 3.vcxproj -> C:\Users\Zuzu\Desktop\זהר\אפקה\שנה ג\סמסטר קיץ\C++\פרוייקט\OtherStudentsImpl\Zoo_Managment_System - part 3\Debug\Zoo_Managment_System - part 3.exe
     1>Done Building Project "C:\Users\Zuzu\Desktop\זהר\אפקה\שנה ג\סמסטר קיץ\C++\פרוייקט\OtherStudentsImpl\Zoo_Managment_System - part 3\Zoo_Managment_System - part 3\Zoo_Managment_System - part 3.vcxproj" (Build target(s)).

Build succeeded.

Time Elapsed 00:00:07.74
